<?xml version="1.0" encoding="UTF-8"?>
<testng-results ignored="0" total="1" passed="1" failed="0" skipped="0">
  <reporter-output>
  </reporter-output>
  <suite started-at="2024-06-21T13:37:46 CDT" name="Default suite" finished-at="2024-06-21T13:37:48 CDT" duration-ms="1888">
    <groups>
    </groups>
    <test started-at="2024-06-21T13:37:46 CDT" name="Default test" finished-at="2024-06-21T13:37:48 CDT" duration-ms="1888">
      <class name="Authentication.Authentications">
        <test-method signature="barerToken()[pri:4, instance:Authentication.Authentications@52b1beb6]" started-at="2024-06-21T13:37:46 CDT" name="barerToken" finished-at="2024-06-21T13:37:48 CDT" duration-ms="1841" status="PASS">
          <reporter-output>
          </reporter-output>
        </test-method> <!-- barerToken -->
      </class> <!-- Authentication.Authentications -->
    </test> <!-- Default test -->
  </suite> <!-- Default suite -->
</testng-results>
